{"/Users/ankush/Documents/PrettyLittleThing/src/components/atoms/index.js": {"path":"/Users/ankush/Documents/PrettyLittleThing/src/components/atoms/index.js","statementMap":{},"fnMap":{},"branchMap":{},"s":{},"f":{},"b":{},"_coverageSchema":"1a1c01bbd47fc00a2c39e90264f33305004495a9","hash":"15785d08f975a6ba301a8477f8673841e0d66258"}
,"/Users/ankush/Documents/PrettyLittleThing/src/components/atoms/Button/index.js": {"path":"/Users/ankush/Documents/PrettyLittleThing/src/components/atoms/Button/index.js","statementMap":{"0":{"start":{"line":4,"column":22},"end":{"line":46,"column":1}},"1":{"start":{"line":10,"column":26},"end":{"line":14,"column":3}},"2":{"start":{"line":16,"column":25},"end":{"line":19,"column":3}},"3":{"start":{"line":21,"column":30},"end":{"line":23,"column":3}},"4":{"start":{"line":25,"column":29},"end":{"line":27,"column":3}},"5":{"start":{"line":29,"column":2},"end":{"line":45,"column":4}},"6":{"start":{"line":48,"column":15},"end":{"line":58,"column":2}}},"fnMap":{"0":{"name":"(anonymous_0)","decl":{"start":{"line":4,"column":22},"end":{"line":4,"column":23}},"loc":{"start":{"line":9,"column":6},"end":{"line":46,"column":1}},"line":9}},"branchMap":{"0":{"loc":{"start":{"line":7,"column":2},"end":{"line":7,"column":23}},"type":"default-arg","locations":[{"start":{"line":7,"column":12},"end":{"line":7,"column":23}}],"line":7},"1":{"loc":{"start":{"line":34,"column":10},"end":{"line":34,"column":68}},"type":"cond-expr","locations":[{"start":{"line":34,"column":36},"end":{"line":34,"column":51}},{"start":{"line":34,"column":54},"end":{"line":34,"column":68}}],"line":34},"2":{"loc":{"start":{"line":39,"column":12},"end":{"line":39,"column":78}},"type":"cond-expr","locations":[{"start":{"line":39,"column":38},"end":{"line":39,"column":57}},{"start":{"line":39,"column":60},"end":{"line":39,"column":78}}],"line":39}},"s":{"0":8,"1":4,"2":4,"3":4,"4":4,"5":4,"6":8},"f":{"0":4},"b":{"0":[1],"1":[2,2],"2":[2,2]},"_coverageSchema":"1a1c01bbd47fc00a2c39e90264f33305004495a9","hash":"0a1e62f72b743c463045d13e5ecd991f0428972e"}
,"/Users/ankush/Documents/PrettyLittleThing/src/components/atoms/Counter/index.js": {"path":"/Users/ankush/Documents/PrettyLittleThing/src/components/atoms/Counter/index.js","statementMap":{"0":{"start":{"line":4,"column":23},"end":{"line":26,"column":1}},"1":{"start":{"line":5,"column":28},"end":{"line":5,"column":43}},"2":{"start":{"line":7,"column":2},"end":{"line":9,"column":14}},"3":{"start":{"line":8,"column":4},"end":{"line":8,"column":20}},"4":{"start":{"line":11,"column":2},"end":{"line":25,"column":4}},"5":{"start":{"line":28,"column":15},"end":{"line":46,"column":2}}},"fnMap":{"0":{"name":"(anonymous_0)","decl":{"start":{"line":4,"column":23},"end":{"line":4,"column":24}},"loc":{"start":{"line":4,"column":67},"end":{"line":26,"column":1}},"line":4},"1":{"name":"(anonymous_1)","decl":{"start":{"line":7,"column":12},"end":{"line":7,"column":13}},"loc":{"start":{"line":7,"column":18},"end":{"line":9,"column":3}},"line":7}},"branchMap":{"0":{"loc":{"start":{"line":4,"column":25},"end":{"line":4,"column":34}},"type":"default-arg","locations":[{"start":{"line":4,"column":33},"end":{"line":4,"column":34}}],"line":4}},"s":{"0":8,"1":4,"2":4,"3":2,"4":4,"5":8},"f":{"0":4,"1":2},"b":{"0":[1]},"_coverageSchema":"1a1c01bbd47fc00a2c39e90264f33305004495a9","hash":"9f5e13fd18999ac638b38f30da7b9c38c317b236"}
,"/Users/ankush/Documents/PrettyLittleThing/src/components/atoms/Loader/index.js": {"path":"/Users/ankush/Documents/PrettyLittleThing/src/components/atoms/Loader/index.js","statementMap":{"0":{"start":{"line":4,"column":22},"end":{"line":10,"column":1}},"1":{"start":{"line":5,"column":2},"end":{"line":9,"column":4}},"2":{"start":{"line":12,"column":15},"end":{"line":18,"column":2}}},"fnMap":{"0":{"name":"(anonymous_0)","decl":{"start":{"line":4,"column":22},"end":{"line":4,"column":23}},"loc":{"start":{"line":4,"column":28},"end":{"line":10,"column":1}},"line":4}},"branchMap":{},"s":{"0":8,"1":1,"2":8},"f":{"0":1},"b":{},"_coverageSchema":"1a1c01bbd47fc00a2c39e90264f33305004495a9","hash":"6c91d4b1fc729e618aa970f82287314b1ced16b4"}
,"/Users/ankush/Documents/PrettyLittleThing/src/components/atoms/Screen/index.js": {"path":"/Users/ankush/Documents/PrettyLittleThing/src/components/atoms/Screen/index.js","statementMap":{"0":{"start":{"line":4,"column":22},"end":{"line":6,"column":1}},"1":{"start":{"line":5,"column":2},"end":{"line":5,"column":67}},"2":{"start":{"line":8,"column":15},"end":{"line":13,"column":2}}},"fnMap":{"0":{"name":"(anonymous_0)","decl":{"start":{"line":4,"column":22},"end":{"line":4,"column":23}},"loc":{"start":{"line":4,"column":45},"end":{"line":6,"column":1}},"line":4}},"branchMap":{},"s":{"0":8,"1":1,"2":8},"f":{"0":1},"b":{},"_coverageSchema":"1a1c01bbd47fc00a2c39e90264f33305004495a9","hash":"fb38067583052018235f576f4ab53839704639bf"}
,"/Users/ankush/Documents/PrettyLittleThing/src/components/molecules/index.js": {"path":"/Users/ankush/Documents/PrettyLittleThing/src/components/molecules/index.js","statementMap":{},"fnMap":{},"branchMap":{},"s":{},"f":{},"b":{},"_coverageSchema":"1a1c01bbd47fc00a2c39e90264f33305004495a9","hash":"5387dd24dca466b7e74e71dc8e1bfd45a72f0e7a"}
,"/Users/ankush/Documents/PrettyLittleThing/src/components/molecules/CartItem/index.js": {"path":"/Users/ankush/Documents/PrettyLittleThing/src/components/molecules/CartItem/index.js","statementMap":{"0":{"start":{"line":7,"column":24},"end":{"line":41,"column":1}},"1":{"start":{"line":8,"column":19},"end":{"line":8,"column":32}},"2":{"start":{"line":10,"column":21},"end":{"line":12,"column":3}},"3":{"start":{"line":11,"column":4},"end":{"line":11,"column":30}},"4":{"start":{"line":14,"column":24},"end":{"line":16,"column":3}},"5":{"start":{"line":15,"column":4},"end":{"line":15,"column":35}},"6":{"start":{"line":18,"column":2},"end":{"line":40,"column":4}},"7":{"start":{"line":43,"column":15},"end":{"line":78,"column":2}}},"fnMap":{"0":{"name":"(anonymous_0)","decl":{"start":{"line":7,"column":24},"end":{"line":7,"column":25}},"loc":{"start":{"line":7,"column":36},"end":{"line":41,"column":1}},"line":7},"1":{"name":"(anonymous_1)","decl":{"start":{"line":10,"column":21},"end":{"line":10,"column":22}},"loc":{"start":{"line":10,"column":27},"end":{"line":12,"column":3}},"line":10},"2":{"name":"(anonymous_2)","decl":{"start":{"line":14,"column":24},"end":{"line":14,"column":25}},"loc":{"start":{"line":14,"column":30},"end":{"line":16,"column":3}},"line":14}},"branchMap":{},"s":{"0":4,"1":3,"2":3,"3":1,"4":3,"5":1,"6":3,"7":4},"f":{"0":3,"1":1,"2":1},"b":{},"_coverageSchema":"1a1c01bbd47fc00a2c39e90264f33305004495a9","hash":"184cd02765eec19448fffb86142657267705f3fa"}
,"/Users/ankush/Documents/PrettyLittleThing/src/components/molecules/DressItem/index.js": {"path":"/Users/ankush/Documents/PrettyLittleThing/src/components/molecules/DressItem/index.js","statementMap":{"0":{"start":{"line":8,"column":25},"end":{"line":36,"column":1}},"1":{"start":{"line":9,"column":21},"end":{"line":9,"column":42}},"2":{"start":{"line":10,"column":19},"end":{"line":10,"column":32}},"3":{"start":{"line":11,"column":29},"end":{"line":11,"column":72}},"4":{"start":{"line":12,"column":28},"end":{"line":12,"column":50}},"5":{"start":{"line":14,"column":27},"end":{"line":16,"column":3}},"6":{"start":{"line":15,"column":4},"end":{"line":15,"column":30}},"7":{"start":{"line":18,"column":2},"end":{"line":35,"column":4}},"8":{"start":{"line":38,"column":15},"end":{"line":61,"column":2}},"9":{"start":{"line":39,"column":37},"end":{"line":43,"column":3}},"10":{"start":{"line":44,"column":24},"end":{"line":49,"column":3}}},"fnMap":{"0":{"name":"(anonymous_0)","decl":{"start":{"line":8,"column":25},"end":{"line":8,"column":26}},"loc":{"start":{"line":8,"column":44},"end":{"line":36,"column":1}},"line":8},"1":{"name":"(anonymous_1)","decl":{"start":{"line":14,"column":27},"end":{"line":14,"column":28}},"loc":{"start":{"line":14,"column":33},"end":{"line":16,"column":3}},"line":14},"2":{"name":"(anonymous_2)","decl":{"start":{"line":39,"column":13},"end":{"line":39,"column":14}},"loc":{"start":{"line":39,"column":37},"end":{"line":43,"column":3}},"line":39},"3":{"name":"(anonymous_3)","decl":{"start":{"line":44,"column":9},"end":{"line":44,"column":10}},"loc":{"start":{"line":44,"column":24},"end":{"line":49,"column":3}},"line":44}},"branchMap":{"0":{"loc":{"start":{"line":28,"column":17},"end":{"line":28,"column":61}},"type":"cond-expr","locations":[{"start":{"line":28,"column":37},"end":{"line":28,"column":47}},{"start":{"line":28,"column":50},"end":{"line":28,"column":61}}],"line":28},"1":{"loc":{"start":{"line":32,"column":9},"end":{"line":32,"column":60}},"type":"cond-expr","locations":[{"start":{"line":32,"column":29},"end":{"line":32,"column":44}},{"start":{"line":32,"column":47},"end":{"line":32,"column":60}}],"line":32},"2":{"loc":{"start":{"line":41,"column":17},"end":{"line":41,"column":41}},"type":"cond-expr","locations":[{"start":{"line":41,"column":35},"end":{"line":41,"column":37}},{"start":{"line":41,"column":40},"end":{"line":41,"column":41}}],"line":41}},"s":{"0":4,"1":2,"2":2,"3":2,"4":2,"5":2,"6":1,"7":2,"8":4,"9":2,"10":2},"f":{"0":2,"1":1,"2":2,"3":2},"b":{"0":[1,1],"1":[1,1],"2":[0,2]},"_coverageSchema":"1a1c01bbd47fc00a2c39e90264f33305004495a9","hash":"32e16c851967ba9a2420ebd1333a29c7c9cc99a4"}
,"/Users/ankush/Documents/PrettyLittleThing/src/navigators/index.js": {"path":"/Users/ankush/Documents/PrettyLittleThing/src/navigators/index.js","statementMap":{"0":{"start":{"line":6,"column":25},"end":{"line":12,"column":1}},"1":{"start":{"line":7,"column":2},"end":{"line":11,"column":4}}},"fnMap":{"0":{"name":"(anonymous_0)","decl":{"start":{"line":6,"column":25},"end":{"line":6,"column":26}},"loc":{"start":{"line":6,"column":31},"end":{"line":12,"column":1}},"line":6}},"branchMap":{},"s":{"0":1,"1":1},"f":{"0":1},"b":{},"_coverageSchema":"1a1c01bbd47fc00a2c39e90264f33305004495a9","hash":"6c4216019fd7220ae03a96f16df1eed601d6adb3"}
,"/Users/ankush/Documents/PrettyLittleThing/src/navigators/BottomTab/index.js": {"path":"/Users/ankush/Documents/PrettyLittleThing/src/navigators/BottomTab/index.js","statementMap":{"0":{"start":{"line":12,"column":12},"end":{"line":12,"column":38}},"1":{"start":{"line":14,"column":25},"end":{"line":48,"column":1}},"2":{"start":{"line":15,"column":20},"end":{"line":15,"column":50}},"3":{"start":{"line":16,"column":2},"end":{"line":47,"column":4}},"4":{"start":{"line":26,"column":12},"end":{"line":29,"column":14}},"5":{"start":{"line":38,"column":12},"end":{"line":41,"column":14}},"6":{"start":{"line":50,"column":15},"end":{"line":56,"column":2}},"7":{"start":{"line":51,"column":35},"end":{"line":55,"column":3}}},"fnMap":{"0":{"name":"(anonymous_0)","decl":{"start":{"line":14,"column":25},"end":{"line":14,"column":26}},"loc":{"start":{"line":14,"column":31},"end":{"line":48,"column":1}},"line":14},"1":{"name":"(anonymous_1)","decl":{"start":{"line":25,"column":22},"end":{"line":25,"column":23}},"loc":{"start":{"line":26,"column":12},"end":{"line":29,"column":14}},"line":26},"2":{"name":"(anonymous_2)","decl":{"start":{"line":37,"column":22},"end":{"line":37,"column":23}},"loc":{"start":{"line":38,"column":12},"end":{"line":41,"column":14}},"line":38},"3":{"name":"(anonymous_3)","decl":{"start":{"line":51,"column":8},"end":{"line":51,"column":9}},"loc":{"start":{"line":51,"column":35},"end":{"line":55,"column":3}},"line":51}},"branchMap":{"0":{"loc":{"start":{"line":43,"column":23},"end":{"line":43,"column":55}},"type":"cond-expr","locations":[{"start":{"line":43,"column":39},"end":{"line":43,"column":48}},{"start":{"line":43,"column":51},"end":{"line":43,"column":55}}],"line":43}},"s":{"0":2,"1":2,"2":2,"3":2,"4":0,"5":0,"6":2,"7":0},"f":{"0":2,"1":0,"2":0,"3":0},"b":{"0":[0,2]},"_coverageSchema":"1a1c01bbd47fc00a2c39e90264f33305004495a9","hash":"06c52b8070e96e60de61cad53ab6e75fd7457199"}
,"/Users/ankush/Documents/PrettyLittleThing/src/screens/Cart/index.js": {"path":"/Users/ankush/Documents/PrettyLittleThing/src/screens/Cart/index.js","statementMap":{"0":{"start":{"line":9,"column":20},"end":{"line":24,"column":1}},"1":{"start":{"line":10,"column":15},"end":{"line":10,"column":40}},"2":{"start":{"line":12,"column":2},"end":{"line":23,"column":4}}},"fnMap":{"0":{"name":"(anonymous_0)","decl":{"start":{"line":9,"column":20},"end":{"line":9,"column":21}},"loc":{"start":{"line":9,"column":26},"end":{"line":24,"column":1}},"line":9}},"branchMap":{"0":{"loc":{"start":{"line":14,"column":7},"end":{"line":21,"column":7}},"type":"cond-expr","locations":[{"start":{"line":15,"column":8},"end":{"line":18,"column":11}},{"start":{"line":20,"column":8},"end":{"line":20,"column":19}}],"line":14}},"s":{"0":2,"1":0,"2":0},"f":{"0":0},"b":{"0":[0,0]},"_coverageSchema":"1a1c01bbd47fc00a2c39e90264f33305004495a9","hash":"bea6830816ebf8394eb26ad25c05c29838608d62"}
,"/Users/ankush/Documents/PrettyLittleThing/src/screens/Cart/CartList/index.js": {"path":"/Users/ankush/Documents/PrettyLittleThing/src/screens/Cart/CartList/index.js","statementMap":{"0":{"start":{"line":5,"column":24},"end":{"line":17,"column":1}},"1":{"start":{"line":6,"column":21},"end":{"line":6,"column":64}},"2":{"start":{"line":6,"column":40},"end":{"line":6,"column":64}},"3":{"start":{"line":7,"column":23},"end":{"line":7,"column":38}},"4":{"start":{"line":7,"column":31},"end":{"line":7,"column":38}},"5":{"start":{"line":9,"column":2},"end":{"line":16,"column":4}}},"fnMap":{"0":{"name":"(anonymous_0)","decl":{"start":{"line":5,"column":24},"end":{"line":5,"column":25}},"loc":{"start":{"line":5,"column":36},"end":{"line":17,"column":1}},"line":5},"1":{"name":"(anonymous_1)","decl":{"start":{"line":6,"column":21},"end":{"line":6,"column":22}},"loc":{"start":{"line":6,"column":40},"end":{"line":6,"column":64}},"line":6},"2":{"name":"(anonymous_2)","decl":{"start":{"line":7,"column":23},"end":{"line":7,"column":24}},"loc":{"start":{"line":7,"column":31},"end":{"line":7,"column":38}},"line":7}},"branchMap":{},"s":{"0":2,"1":0,"2":0,"3":0,"4":0,"5":0},"f":{"0":0,"1":0,"2":0},"b":{},"_coverageSchema":"1a1c01bbd47fc00a2c39e90264f33305004495a9","hash":"627cace33b3b41b2420d0fcac427400765e94b8a"}
,"/Users/ankush/Documents/PrettyLittleThing/src/screens/Cart/CartTotal/index.js": {"path":"/Users/ankush/Documents/PrettyLittleThing/src/screens/Cart/CartTotal/index.js","statementMap":{"0":{"start":{"line":6,"column":25},"end":{"line":15,"column":1}},"1":{"start":{"line":7,"column":26},"end":{"line":7,"column":51}},"2":{"start":{"line":8,"column":2},"end":{"line":14,"column":4}},"3":{"start":{"line":17,"column":15},"end":{"line":25,"column":2}}},"fnMap":{"0":{"name":"(anonymous_0)","decl":{"start":{"line":6,"column":25},"end":{"line":6,"column":26}},"loc":{"start":{"line":6,"column":31},"end":{"line":15,"column":1}},"line":6}},"branchMap":{},"s":{"0":2,"1":0,"2":0,"3":2},"f":{"0":0},"b":{},"_coverageSchema":"1a1c01bbd47fc00a2c39e90264f33305004495a9","hash":"5b5552cceb92d598753a8481c0043c5c083469df"}
,"/Users/ankush/Documents/PrettyLittleThing/src/screens/Cart/NoItems/index.js": {"path":"/Users/ankush/Documents/PrettyLittleThing/src/screens/Cart/NoItems/index.js","statementMap":{"0":{"start":{"line":4,"column":23},"end":{"line":10,"column":1}},"1":{"start":{"line":5,"column":2},"end":{"line":9,"column":4}},"2":{"start":{"line":12,"column":15},"end":{"line":18,"column":2}}},"fnMap":{"0":{"name":"(anonymous_0)","decl":{"start":{"line":4,"column":23},"end":{"line":4,"column":24}},"loc":{"start":{"line":4,"column":29},"end":{"line":10,"column":1}},"line":4}},"branchMap":{},"s":{"0":2,"1":0,"2":2},"f":{"0":0},"b":{},"_coverageSchema":"1a1c01bbd47fc00a2c39e90264f33305004495a9","hash":"bdfd8cdf1e2c66ab45fae017a25e3fa99d5a9c93"}
,"/Users/ankush/Documents/PrettyLittleThing/src/screens/Home/index.js": {"path":"/Users/ankush/Documents/PrettyLittleThing/src/screens/Home/index.js","statementMap":{"0":{"start":{"line":8,"column":20},"end":{"line":17,"column":1}},"1":{"start":{"line":9,"column":28},"end":{"line":9,"column":48}},"2":{"start":{"line":11,"column":2},"end":{"line":16,"column":4}},"3":{"start":{"line":19,"column":15},"end":{"line":24,"column":2}}},"fnMap":{"0":{"name":"(anonymous_0)","decl":{"start":{"line":8,"column":20},"end":{"line":8,"column":21}},"loc":{"start":{"line":8,"column":26},"end":{"line":17,"column":1}},"line":8}},"branchMap":{"0":{"loc":{"start":{"line":13,"column":7},"end":{"line":13,"column":30}},"type":"binary-expr","locations":[{"start":{"line":13,"column":7},"end":{"line":13,"column":16}},{"start":{"line":13,"column":20},"end":{"line":13,"column":30}}],"line":13},"1":{"loc":{"start":{"line":14,"column":7},"end":{"line":14,"column":40}},"type":"binary-expr","locations":[{"start":{"line":14,"column":7},"end":{"line":14,"column":11}},{"start":{"line":14,"column":15},"end":{"line":14,"column":40}}],"line":14}},"s":{"0":2,"1":0,"2":0,"3":2},"f":{"0":0},"b":{"0":[0,0],"1":[0,0]},"_coverageSchema":"1a1c01bbd47fc00a2c39e90264f33305004495a9","hash":"e48ead4da0e32994df0ce9810c6bb7c539747d54"}
,"/Users/ankush/Documents/PrettyLittleThing/src/screens/Home/DressList/index.js": {"path":"/Users/ankush/Documents/PrettyLittleThing/src/screens/Home/DressList/index.js","statementMap":{"0":{"start":{"line":5,"column":25},"end":{"line":20,"column":1}},"1":{"start":{"line":6,"column":21},"end":{"line":6,"column":79}},"2":{"start":{"line":6,"column":40},"end":{"line":6,"column":79}},"3":{"start":{"line":7,"column":23},"end":{"line":7,"column":38}},"4":{"start":{"line":7,"column":31},"end":{"line":7,"column":38}},"5":{"start":{"line":9,"column":2},"end":{"line":19,"column":4}},"6":{"start":{"line":22,"column":15},"end":{"line":26,"column":2}}},"fnMap":{"0":{"name":"(anonymous_0)","decl":{"start":{"line":5,"column":25},"end":{"line":5,"column":26}},"loc":{"start":{"line":5,"column":37},"end":{"line":20,"column":1}},"line":5},"1":{"name":"(anonymous_1)","decl":{"start":{"line":6,"column":21},"end":{"line":6,"column":22}},"loc":{"start":{"line":6,"column":40},"end":{"line":6,"column":79}},"line":6},"2":{"name":"(anonymous_2)","decl":{"start":{"line":7,"column":23},"end":{"line":7,"column":24}},"loc":{"start":{"line":7,"column":31},"end":{"line":7,"column":38}},"line":7}},"branchMap":{},"s":{"0":2,"1":0,"2":0,"3":0,"4":0,"5":0,"6":2},"f":{"0":0,"1":0,"2":0},"b":{},"_coverageSchema":"1a1c01bbd47fc00a2c39e90264f33305004495a9","hash":"31c1e78acc6e8dcb38d18eca705add90667c5d62"}
,"/Users/ankush/Documents/PrettyLittleThing/src/store/index.js": {"path":"/Users/ankush/Documents/PrettyLittleThing/src/store/index.js","statementMap":{"0":{"start":{"line":17,"column":22},"end":{"line":20,"column":1}},"1":{"start":{"line":22,"column":29},"end":{"line":22,"column":71}},"2":{"start":{"line":24,"column":21},"end":{"line":35,"column":2}},"3":{"start":{"line":30,"column":4},"end":{"line":34,"column":34}},"4":{"start":{"line":37,"column":25},"end":{"line":37,"column":44}}},"fnMap":{"0":{"name":"(anonymous_0)","decl":{"start":{"line":29,"column":14},"end":{"line":29,"column":15}},"loc":{"start":{"line":30,"column":4},"end":{"line":34,"column":34}},"line":30}},"branchMap":{},"s":{"0":0,"1":0,"2":0,"3":0,"4":0},"f":{"0":0},"b":{}}
,"/Users/ankush/Documents/PrettyLittleThing/src/store/cart/cart.selector.js": {"path":"/Users/ankush/Documents/PrettyLittleThing/src/store/cart/cart.selector.js","statementMap":{"0":{"start":{"line":1,"column":28},"end":{"line":1,"column":53}},"1":{"start":{"line":1,"column":37},"end":{"line":1,"column":53}},"2":{"start":{"line":4,"column":37},"end":{"line":6,"column":1}},"3":{"start":{"line":4,"column":43},"end":{"line":6,"column":1}},"4":{"start":{"line":5,"column":2},"end":{"line":5,"column":71}},"5":{"start":{"line":5,"column":40},"end":{"line":5,"column":54}},"6":{"start":{"line":8,"column":28},"end":{"line":14,"column":14}},"7":{"start":{"line":9,"column":2},"end":{"line":14,"column":14}},"8":{"start":{"line":11,"column":21},"end":{"line":11,"column":53}},"9":{"start":{"line":16,"column":33},"end":{"line":17,"column":70}},"10":{"start":{"line":17,"column":2},"end":{"line":17,"column":70}},"11":{"start":{"line":17,"column":42},"end":{"line":17,"column":61}}},"fnMap":{"0":{"name":"(anonymous_0)","decl":{"start":{"line":1,"column":28},"end":{"line":1,"column":29}},"loc":{"start":{"line":1,"column":37},"end":{"line":1,"column":53}},"line":1},"1":{"name":"(anonymous_1)","decl":{"start":{"line":4,"column":37},"end":{"line":4,"column":38}},"loc":{"start":{"line":4,"column":43},"end":{"line":6,"column":1}},"line":4},"2":{"name":"(anonymous_2)","decl":{"start":{"line":4,"column":43},"end":{"line":4,"column":44}},"loc":{"start":{"line":4,"column":52},"end":{"line":6,"column":1}},"line":4},"3":{"name":"(anonymous_3)","decl":{"start":{"line":5,"column":32},"end":{"line":5,"column":33}},"loc":{"start":{"line":5,"column":40},"end":{"line":5,"column":54}},"line":5},"4":{"name":"(anonymous_4)","decl":{"start":{"line":8,"column":28},"end":{"line":8,"column":29}},"loc":{"start":{"line":9,"column":2},"end":{"line":14,"column":14}},"line":9},"5":{"name":"(anonymous_5)","decl":{"start":{"line":11,"column":6},"end":{"line":11,"column":7}},"loc":{"start":{"line":11,"column":21},"end":{"line":11,"column":53}},"line":11},"6":{"name":"(anonymous_6)","decl":{"start":{"line":16,"column":33},"end":{"line":16,"column":34}},"loc":{"start":{"line":17,"column":2},"end":{"line":17,"column":70}},"line":17},"7":{"name":"(anonymous_7)","decl":{"start":{"line":17,"column":27},"end":{"line":17,"column":28}},"loc":{"start":{"line":17,"column":42},"end":{"line":17,"column":61}},"line":17}},"branchMap":{"0":{"loc":{"start":{"line":5,"column":9},"end":{"line":5,"column":70}},"type":"binary-expr","locations":[{"start":{"line":5,"column":9},"end":{"line":5,"column":65}},{"start":{"line":5,"column":69},"end":{"line":5,"column":70}}],"line":5},"1":{"loc":{"start":{"line":10,"column":4},"end":{"line":13,"column":10}},"type":"binary-expr","locations":[{"start":{"line":10,"column":4},"end":{"line":13,"column":5}},{"start":{"line":13,"column":9},"end":{"line":13,"column":10}}],"line":10},"2":{"loc":{"start":{"line":17,"column":2},"end":{"line":17,"column":70}},"type":"binary-expr","locations":[{"start":{"line":17,"column":2},"end":{"line":17,"column":65}},{"start":{"line":17,"column":69},"end":{"line":17,"column":70}}],"line":17}},"s":{"0":6,"1":1,"2":6,"3":4,"4":2,"5":2,"6":6,"7":2,"8":1,"9":6,"10":2,"11":1},"f":{"0":1,"1":4,"2":2,"3":2,"4":2,"5":1,"6":2,"7":1},"b":{"0":[2,1],"1":[2,1],"2":[2,1]},"_coverageSchema":"1a1c01bbd47fc00a2c39e90264f33305004495a9","hash":"3a1598f9369b947cc48a72988aaf775de4526436"}
,"/Users/ankush/Documents/PrettyLittleThing/src/store/cart/cart.slice.js": {"path":"/Users/ankush/Documents/PrettyLittleThing/src/store/cart/cart.slice.js","statementMap":{"0":{"start":{"line":3,"column":21},"end":{"line":5,"column":1}},"1":{"start":{"line":7,"column":25},"end":{"line":36,"column":2}},"2":{"start":{"line":12,"column":24},"end":{"line":14,"column":7}},"3":{"start":{"line":13,"column":16},"end":{"line":13,"column":45}},"4":{"start":{"line":15,"column":6},"end":{"line":19,"column":7}},"5":{"start":{"line":16,"column":8},"end":{"line":16,"column":42}},"6":{"start":{"line":18,"column":8},"end":{"line":18,"column":59}},"7":{"start":{"line":22,"column":24},"end":{"line":24,"column":7}},"8":{"start":{"line":23,"column":16},"end":{"line":23,"column":45}},"9":{"start":{"line":25,"column":23},"end":{"line":25,"column":54}},"10":{"start":{"line":26,"column":6},"end":{"line":33,"column":7}},"11":{"start":{"line":27,"column":8},"end":{"line":27,"column":80}},"12":{"start":{"line":27,"column":49},"end":{"line":27,"column":78}},"13":{"start":{"line":29,"column":8},"end":{"line":32,"column":10}},"14":{"start":{"line":38,"column":43},"end":{"line":38,"column":60}},"15":{"start":{"line":39,"column":27},"end":{"line":39,"column":44}}},"fnMap":{"0":{"name":"(anonymous_0)","decl":{"start":{"line":11,"column":4},"end":{"line":11,"column":5}},"loc":{"start":{"line":11,"column":29},"end":{"line":20,"column":5}},"line":11},"1":{"name":"(anonymous_1)","decl":{"start":{"line":13,"column":8},"end":{"line":13,"column":9}},"loc":{"start":{"line":13,"column":16},"end":{"line":13,"column":45}},"line":13},"2":{"name":"(anonymous_2)","decl":{"start":{"line":21,"column":4},"end":{"line":21,"column":5}},"loc":{"start":{"line":21,"column":34},"end":{"line":34,"column":5}},"line":21},"3":{"name":"(anonymous_3)","decl":{"start":{"line":23,"column":8},"end":{"line":23,"column":9}},"loc":{"start":{"line":23,"column":16},"end":{"line":23,"column":45}},"line":23},"4":{"name":"(anonymous_4)","decl":{"start":{"line":27,"column":41},"end":{"line":27,"column":42}},"loc":{"start":{"line":27,"column":49},"end":{"line":27,"column":78}},"line":27}},"branchMap":{"0":{"loc":{"start":{"line":15,"column":6},"end":{"line":19,"column":7}},"type":"if","locations":[{"start":{"line":15,"column":6},"end":{"line":19,"column":7}},{"start":{"line":17,"column":13},"end":{"line":19,"column":7}}],"line":15},"1":{"loc":{"start":{"line":26,"column":6},"end":{"line":33,"column":7}},"type":"if","locations":[{"start":{"line":26,"column":6},"end":{"line":33,"column":7}},{"start":{"line":28,"column":13},"end":{"line":33,"column":7}}],"line":26}},"s":{"0":6,"1":6,"2":2,"3":1,"4":2,"5":1,"6":1,"7":2,"8":2,"9":2,"10":2,"11":1,"12":1,"13":1,"14":6,"15":6},"f":{"0":2,"1":1,"2":2,"3":2,"4":1},"b":{"0":[1,1],"1":[1,1]},"_coverageSchema":"1a1c01bbd47fc00a2c39e90264f33305004495a9","hash":"b4233d94c77104fb85a1deaedeb5166d2ccdb270"}
,"/Users/ankush/Documents/PrettyLittleThing/src/store/cart/index.js": {"path":"/Users/ankush/Documents/PrettyLittleThing/src/store/cart/index.js","statementMap":{},"fnMap":{},"branchMap":{},"s":{},"f":{},"b":{},"_coverageSchema":"1a1c01bbd47fc00a2c39e90264f33305004495a9","hash":"d50423529aaeb7fbb93bc8407887080272904b6d"}
,"/Users/ankush/Documents/PrettyLittleThing/src/store/dress/dress.api.js": {"path":"/Users/ankush/Documents/PrettyLittleThing/src/store/dress/dress.api.js","statementMap":{"0":{"start":{"line":3,"column":24},"end":{"line":13,"column":2}},"1":{"start":{"line":8,"column":25},"end":{"line":12,"column":3}},"2":{"start":{"line":10,"column":19},"end":{"line":10,"column":30}},"3":{"start":{"line":15,"column":36},"end":{"line":15,"column":44}}},"fnMap":{"0":{"name":"(anonymous_0)","decl":{"start":{"line":8,"column":13},"end":{"line":8,"column":14}},"loc":{"start":{"line":8,"column":25},"end":{"line":12,"column":3}},"line":8},"1":{"name":"(anonymous_1)","decl":{"start":{"line":10,"column":13},"end":{"line":10,"column":14}},"loc":{"start":{"line":10,"column":19},"end":{"line":10,"column":30}},"line":10}},"branchMap":{},"s":{"0":2,"1":2,"2":0,"3":2},"f":{"0":2,"1":0},"b":{},"_coverageSchema":"1a1c01bbd47fc00a2c39e90264f33305004495a9","hash":"d7412ba6eb10d3c3ee8313af59be7cce0a4fa001"}
,"/Users/ankush/Documents/PrettyLittleThing/src/store/dress/index.js": {"path":"/Users/ankush/Documents/PrettyLittleThing/src/store/dress/index.js","statementMap":{},"fnMap":{},"branchMap":{},"s":{},"f":{},"b":{},"_coverageSchema":"1a1c01bbd47fc00a2c39e90264f33305004495a9","hash":"14f1f592c873faa32e7e22a93a6883e03419fa59"}
}
